2025-04-04 06:47:36.911231 - Received CBT.V508.FILE254.PDS from FILE254.XMI 
2025-04-04 06:47:36.937436 - Found $$$#DATE.txt (text/plain) in CBT.V508.FILE254.PDS, moved to PDS/$$$#DATE
2025-04-04 06:47:36.937609 - Found $$$DOC.txt (text/plain) in CBT.V508.FILE254.PDS, moved to PDS/$$$DOC
2025-04-04 06:47:36.937745 - Found $#DOC.txt (text/plain) in CBT.V508.FILE254.PDS, moved to PDS/$#DOC
2025-04-04 06:47:36.937889 - Found @FILE254.txt (text/plain) in CBT.V508.FILE254.PDS, moved to PDS/@FILE254
2025-04-04 06:47:36.938012 - Found ABENDSAM.jcl (text/plain) in CBT.V508.FILE254.PDS, moved to PDS/ABENDSAM
2025-04-04 06:47:36.938133 - Found ABENDTST.jcl (text/plain) in CBT.V508.FILE254.PDS, moved to PDS/ABENDTST
2025-04-04 06:47:36.938261 - Found ABRINCR.jcl (text/plain) in CBT.V508.FILE254.PDS, moved to PDS/ABRINCR
2025-04-04 06:47:36.939931 - Found ABRUCAT.jcl (text/plain) in CBT.V508.FILE254.PDS, moved to PDS/ABRUCAT
2025-04-04 06:47:36.940101 - Found ADDDSD.rexx (text/plain) in CBT.V508.FILE254.PDS, moved to PDS/ADDDSD
2025-04-04 06:47:36.940233 - Found ALLOC.txt (text/plain) in CBT.V508.FILE254.PDS, moved to PDS/ALLOC
2025-04-04 06:47:36.940381 - Found ALTERM.rexx (text/plain) in CBT.V508.FILE254.PDS, moved to PDS/ALTERM
2025-04-04 06:47:36.940499 - Found ALTERS.rexx (text/plain) in CBT.V508.FILE254.PDS, moved to PDS/ALTERS
2025-04-04 06:47:36.940613 - Found AMASPZAP.jcl (text/plain) in CBT.V508.FILE254.PDS, moved to PDS/AMASPZAP
2025-04-04 06:47:36.940740 - Found AMAZAP2.jcl (text/plain) in CBT.V508.FILE254.PDS, moved to PDS/AMAZAP2
2025-04-04 06:47:36.940867 - Found AMBLIST.jcl (text/plain) in CBT.V508.FILE254.PDS, moved to PDS/AMBLIST
2025-04-04 06:47:36.940984 - Found AMSGQ.jcl (text/plain) in CBT.V508.FILE254.PDS, moved to PDS/AMSGQ
2025-04-04 06:47:36.941099 - Found AMSGQSSM.jcl (text/plain) in CBT.V508.FILE254.PDS, moved to PDS/AMSGQSSM
2025-04-04 06:47:36.941222 - Found ANALDASD.rexx (text/plain) in CBT.V508.FILE254.PDS, moved to PDS/ANALDASD
2025-04-04 06:47:36.941334 - Found ANALYZE.jcl (text/plain) in CBT.V508.FILE254.PDS, moved to PDS/ANALYZE
2025-04-04 06:47:36.941449 - Found APAFREPS.jcl (text/plain) in CBT.V508.FILE254.PDS, moved to PDS/APAFREPS
2025-04-04 06:47:36.941559 - Found ARCHIVE.jcl (text/plain) in CBT.V508.FILE254.PDS, moved to PDS/ARCHIVE
2025-04-04 06:47:36.941669 - Found ARCSIM.jcl (text/plain) in CBT.V508.FILE254.PDS, moved to PDS/ARCSIM
2025-04-04 06:47:36.941795 - Found ARCTEST.jcl (text/plain) in CBT.V508.FILE254.PDS, moved to PDS/ARCTEST
2025-04-04 06:47:36.941926 - Found ARTALI.rexx (text/plain) in CBT.V508.FILE254.PDS, moved to PDS/ARTALI
2025-04-04 06:47:36.942038 - Found ARTMOVE.rexx (text/plain) in CBT.V508.FILE254.PDS, moved to PDS/ARTMOVE
2025-04-04 06:47:36.942153 - Found ARTREST.rexx (text/plain) in CBT.V508.FILE254.PDS, moved to PDS/ARTREST
2025-04-04 06:47:36.942281 - Found ASMUT1.jcl (text/plain) in CBT.V508.FILE254.PDS, moved to PDS/ASMUT1
2025-04-04 06:47:36.942441 - Found ASYSQLS.jcl (text/plain) in CBT.V508.FILE254.PDS, moved to PDS/ASYSQLS
2025-04-04 06:47:36.942552 - Found ATEST.txt (text/plain) in CBT.V508.FILE254.PDS, moved to PDS/ATEST
2025-04-04 06:47:36.942659 - Found ATEST1.txt (text/plain) in CBT.V508.FILE254.PDS, moved to PDS/ATEST1
2025-04-04 06:47:36.942770 - Found A1.txt (text/plain) in CBT.V508.FILE254.PDS, moved to PDS/A1
2025-04-04 06:47:36.942877 - Found BLDCINP.txt (text/plain) in CBT.V508.FILE254.PDS, moved to PDS/BLDCINP
2025-04-04 06:47:36.942996 - Found BLDCJCL.rexx (text/plain) in CBT.V508.FILE254.PDS, moved to PDS/BLDCJCL
2025-04-04 06:47:36.943122 - Found BLDCJCL2.rexx (text/plain) in CBT.V508.FILE254.PDS, moved to PDS/BLDCJCL2
2025-04-04 06:47:36.943246 - Found BLDCJCL3.rexx (text/plain) in CBT.V508.FILE254.PDS, moved to PDS/BLDCJCL3
2025-04-04 06:47:36.943356 - Found BLDCJCL4.rexx (text/plain) in CBT.V508.FILE254.PDS, moved to PDS/BLDCJCL4
2025-04-04 06:47:36.943465 - Found BLDCJCL5.rexx (text/plain) in CBT.V508.FILE254.PDS, moved to PDS/BLDCJCL5
2025-04-04 06:47:36.943594 - Found BLDCJCL6.rexx (text/plain) in CBT.V508.FILE254.PDS, moved to PDS/BLDCJCL6
2025-04-04 06:47:36.943707 - Found BLDG.jcl (text/plain) in CBT.V508.FILE254.PDS, moved to PDS/BLDG
2025-04-04 06:47:36.943823 - Found BLDGPTAP.jcl (text/plain) in CBT.V508.FILE254.PDS, moved to PDS/BLDGPTAP
2025-04-04 06:47:36.943929 - Found BOOKSCAN.rexx (text/plain) in CBT.V508.FILE254.PDS, moved to PDS/BOOKSCAN
2025-04-04 06:47:36.944049 - Found BUILDX.jcl (text/plain) in CBT.V508.FILE254.PDS, moved to PDS/BUILDX
2025-04-04 06:47:36.944160 - Found CACHEONB.jcl (text/plain) in CBT.V508.FILE254.PDS, moved to PDS/CACHEONB
2025-04-04 06:47:36.944288 - Found CAPPLNBU.jcl (text/plain) in CBT.V508.FILE254.PDS, moved to PDS/CAPPLNBU
2025-04-04 06:47:36.944398 - Found CAPVCLUS.jcl (text/plain) in CBT.V508.FILE254.PDS, moved to PDS/CAPVCLUS
2025-04-04 06:47:36.944522 - Found CATEDIT.jcl (text/plain) in CBT.V508.FILE254.PDS, moved to PDS/CATEDIT
2025-04-04 06:47:36.944630 - Found CATEDITR.jcl (text/plain) in CBT.V508.FILE254.PDS, moved to PDS/CATEDITR
2025-04-04 06:47:36.944739 - Found CATSCAN.rexx (text/plain) in CBT.V508.FILE254.PDS, moved to PDS/CATSCAN
2025-04-04 06:47:36.944850 - Found CATSCANP.rexx (text/plain) in CBT.V508.FILE254.PDS, moved to PDS/CATSCANP
2025-04-04 06:47:36.944965 - Found CATTEMP.rexx (text/plain) in CBT.V508.FILE254.PDS, moved to PDS/CATTEMP
2025-04-04 06:47:36.945073 - Found CBTDOC.jcl (text/plain) in CBT.V508.FILE254.PDS, moved to PDS/CBTDOC
2025-04-04 06:47:36.945188 - Found CBTTEMP.jcl (text/plain) in CBT.V508.FILE254.PDS, moved to PDS/CBTTEMP
2025-04-04 06:47:36.945352 - Found CCPRCOLD.rexx (text/plain) in CBT.V508.FILE254.PDS, moved to PDS/CCPRCOLD
2025-04-04 06:47:36.945467 - Found CICSSUMM.rexx (text/plain) in CBT.V508.FILE254.PDS, moved to PDS/CICSSUMM
2025-04-04 06:47:36.945584 - Found CLIST.txt (text/plain) in CBT.V508.FILE254.PDS, moved to PDS/CLIST
2025-04-04 06:47:36.945703 - Found COFF.rexx (text/plain) in CBT.V508.FILE254.PDS, moved to PDS/COFF
2025-04-04 06:47:36.945826 - Found COMMADLM.rexx (text/plain) in CBT.V508.FILE254.PDS, moved to PDS/COMMADLM
2025-04-04 06:47:36.945938 - Found COMPLIB5.jcl (text/plain) in CBT.V508.FILE254.PDS, moved to PDS/COMPLIB5
2025-04-04 06:47:36.946051 - Found COPYDB.jcl (text/plain) in CBT.V508.FILE254.PDS, moved to PDS/COPYDB
2025-04-04 06:47:36.946161 - Found COPYSMS.jcl (text/plain) in CBT.V508.FILE254.PDS, moved to PDS/COPYSMS
2025-04-04 06:47:36.946287 - Found COUNTER.rexx (text/plain) in CBT.V508.FILE254.PDS, moved to PDS/COUNTER
2025-04-04 06:47:36.946398 - Found CPKMAP.jcl (text/plain) in CBT.V508.FILE254.PDS, moved to PDS/CPKMAP
2025-04-04 06:47:36.946508 - Found CPKSHR1.jcl (text/plain) in CBT.V508.FILE254.PDS, moved to PDS/CPKSHR1
2025-04-04 06:47:36.946630 - Found CPKSHR2.jcl (text/plain) in CBT.V508.FILE254.PDS, moved to PDS/CPKSHR2
2025-04-04 06:47:36.946740 - Found CPKSIMUL.jcl (text/plain) in CBT.V508.FILE254.PDS, moved to PDS/CPKSIMUL
2025-04-04 06:47:36.946852 - Found CPKTEST.jcl (text/plain) in CBT.V508.FILE254.PDS, moved to PDS/CPKTEST
2025-04-04 06:47:36.946964 - Found CPKUNMOV.jcl (text/plain) in CBT.V508.FILE254.PDS, moved to PDS/CPKUNMOV
2025-04-04 06:47:36.947070 - Found CPUAPAFX.rexx (text/plain) in CBT.V508.FILE254.PDS, moved to PDS/CPUAPAFX
2025-04-04 06:47:36.947180 - Found CPUAPAF1.jcl (text/plain) in CBT.V508.FILE254.PDS, moved to PDS/CPUAPAF1
2025-04-04 06:47:36.947304 - Found CSDBLANK.rexx (text/plain) in CBT.V508.FILE254.PDS, moved to PDS/CSDBLANK
2025-04-04 06:47:36.947417 - Found CSDLIST.jcl (text/plain) in CBT.V508.FILE254.PDS, moved to PDS/CSDLIST
2025-04-04 06:47:36.947533 - Found CTAPLIST.rexx (text/plain) in CBT.V508.FILE254.PDS, moved to PDS/CTAPLIST
2025-04-04 06:47:36.947641 - Found CTNSUB.jcl (text/plain) in CBT.V508.FILE254.PDS, moved to PDS/CTNSUB
2025-04-04 06:47:36.947766 - Found C370.jcl (text/plain) in CBT.V508.FILE254.PDS, moved to PDS/C370
2025-04-04 06:47:36.947874 - Found DABR.txt (text/plain) in CBT.V508.FILE254.PDS, moved to PDS/DABR
2025-04-04 06:47:36.947989 - Found DASDANAL.rexx (text/plain) in CBT.V508.FILE254.PDS, moved to PDS/DASDANAL
2025-04-04 06:47:36.948095 - Found DATACLAO.txt (text/plain) in CBT.V508.FILE254.PDS, moved to PDS/DATACLAO
2025-04-04 06:47:36.948205 - Found DATE.jcl (text/plain) in CBT.V508.FILE254.PDS, moved to PDS/DATE
2025-04-04 06:47:36.948314 - Found DBLISTC.jcl (text/plain) in CBT.V508.FILE254.PDS, moved to PDS/DBLISTC
2025-04-04 06:47:36.948422 - Found DBUSTATS.jcl (text/plain) in CBT.V508.FILE254.PDS, moved to PDS/DBUSTATS
2025-04-04 06:47:36.948548 - Found DCAP.txt (text/plain) in CBT.V508.FILE254.PDS, moved to PDS/DCAP
2025-04-04 06:47:36.948660 - Found DCAPAPF.txt (text/plain) in CBT.V508.FILE254.PDS, moved to PDS/DCAPAPF
2025-04-04 06:47:36.948769 - Found DCAPDIST.txt (text/plain) in CBT.V508.FILE254.PDS, moved to PDS/DCAPDIST
2025-04-04 06:47:36.948887 - Found DCAPINVN.txt (text/plain) in CBT.V508.FILE254.PDS, moved to PDS/DCAPINVN
2025-04-04 06:47:36.949016 - Found DCAPPLAN.txt (text/plain) in CBT.V508.FILE254.PDS, moved to PDS/DCAPPLAN
2025-04-04 06:47:36.949129 - Found DCAPSALE.txt (text/plain) in CBT.V508.FILE254.PDS, moved to PDS/DCAPSALE
2025-04-04 06:47:36.949245 - Found DCAPSTRX.txt (text/plain) in CBT.V508.FILE254.PDS, moved to PDS/DCAPSTRX
2025-04-04 06:47:36.949358 - Found DEFNTSNW.jcl (text/plain) in CBT.V508.FILE254.PDS, moved to PDS/DEFNTSNW
2025-04-04 06:47:36.949476 - Found DEFRCAT.jcl (text/plain) in CBT.V508.FILE254.PDS, moved to PDS/DEFRCAT
2025-04-04 06:47:36.949602 - Found DEFTSOC.jcl (text/plain) in CBT.V508.FILE254.PDS, moved to PDS/DEFTSOC
2025-04-04 06:47:36.949723 - Found DELETEG.jcl (text/plain) in CBT.V508.FILE254.PDS, moved to PDS/DELETEG
2025-04-04 06:47:36.949839 - Found DELNOSCR.jcl (text/plain) in CBT.V508.FILE254.PDS, moved to PDS/DELNOSCR
2025-04-04 06:47:36.949962 - Found DELNVRE.rexx (text/plain) in CBT.V508.FILE254.PDS, moved to PDS/DELNVRE
2025-04-04 06:47:36.950073 - Found DELTNSCR.jcl (text/plain) in CBT.V508.FILE254.PDS, moved to PDS/DELTNSCR
2025-04-04 06:47:36.950180 - Found DELTNVR.jcl (text/plain) in CBT.V508.FILE254.PDS, moved to PDS/DELTNVR
2025-04-04 06:47:36.950293 - Found DELTVVR.jcl (text/plain) in CBT.V508.FILE254.PDS, moved to PDS/DELTVVR
2025-04-04 06:47:36.950398 - Found DELUCAT.jcl (text/plain) in CBT.V508.FILE254.PDS, moved to PDS/DELUCAT
2025-04-04 06:47:36.950511 - Found DELVSAM.jcl (text/plain) in CBT.V508.FILE254.PDS, moved to PDS/DELVSAM
2025-04-04 06:47:36.950621 - Found DELVVDS.jcl (text/plain) in CBT.V508.FILE254.PDS, moved to PDS/DELVVDS
2025-04-04 06:47:36.950739 - Found DELVVRE.rexx (text/plain) in CBT.V508.FILE254.PDS, moved to PDS/DELVVRE
2025-04-04 06:47:36.950854 - Found DFDSSDEL.jcl (text/plain) in CBT.V508.FILE254.PDS, moved to PDS/DFDSSDEL
2025-04-04 06:47:36.950969 - Found DFDSSDMP.jcl (text/plain) in CBT.V508.FILE254.PDS, moved to PDS/DFDSSDMP
2025-04-04 06:47:36.951084 - Found DFDSSRST.jcl (text/plain) in CBT.V508.FILE254.PDS, moved to PDS/DFDSSRST
2025-04-04 06:47:36.951211 - Found DFDSS1.jcl (text/plain) in CBT.V508.FILE254.PDS, moved to PDS/DFDSS1
2025-04-04 06:47:36.951324 - Found DFDSS2.jcl (text/plain) in CBT.V508.FILE254.PDS, moved to PDS/DFDSS2
2025-04-04 06:47:36.951432 - Found DIAGNOSE.jcl (text/plain) in CBT.V508.FILE254.PDS, moved to PDS/DIAGNOSE
2025-04-04 06:47:36.951539 - Found DISASM.jcl (text/plain) in CBT.V508.FILE254.PDS, moved to PDS/DISASM
2025-04-04 06:47:36.951645 - Found DLFDELET.jcl (text/plain) in CBT.V508.FILE254.PDS, moved to PDS/DLFDELET
2025-04-04 06:47:36.951763 - Found DRERPROF.rexx (text/plain) in CBT.V508.FILE254.PDS, moved to PDS/DRERPROF
2025-04-04 06:47:36.951880 - Found DSABATTR.jcl (text/plain) in CBT.V508.FILE254.PDS, moved to PDS/DSABATTR
2025-04-04 06:47:36.952006 - Found DSABINUS.jcl (text/plain) in CBT.V508.FILE254.PDS, moved to PDS/DSABINUS
2025-04-04 06:47:36.952121 - Found DSS.jcl (text/plain) in CBT.V508.FILE254.PDS, moved to PDS/DSS
2025-04-04 06:47:36.952249 - Found DSSAVE.jcl (text/plain) in CBT.V508.FILE254.PDS, moved to PDS/DSSAVE
2025-04-04 06:47:36.952365 - Found DYNATEST.jcl (text/plain) in CBT.V508.FILE254.PDS, moved to PDS/DYNATEST
2025-04-04 06:47:36.952473 - Found EXAMINE.jcl (text/plain) in CBT.V508.FILE254.PDS, moved to PDS/EXAMINE
2025-04-04 06:47:36.952582 - Found EXPAND.jcl (text/plain) in CBT.V508.FILE254.PDS, moved to PDS/EXPAND
2025-04-04 06:47:36.952693 - Found EXPLAIN.txt (text/plain) in CBT.V508.FILE254.PDS, moved to PDS/EXPLAIN
2025-04-04 06:47:36.952807 - Found EXPORT.jcl (text/plain) in CBT.V508.FILE254.PDS, moved to PDS/EXPORT
2025-04-04 06:47:36.952930 - Found EXPRTCAT.jcl (text/plain) in CBT.V508.FILE254.PDS, moved to PDS/EXPRTCAT
2025-04-04 06:47:36.953042 - Found EXTRCTCP.rexx (text/plain) in CBT.V508.FILE254.PDS, moved to PDS/EXTRCTCP
2025-04-04 06:47:36.953171 - Found FAVER.jcl (text/plain) in CBT.V508.FILE254.PDS, moved to PDS/FAVER
2025-04-04 06:47:36.953281 - Found FDRAGING.jcl (text/plain) in CBT.V508.FILE254.PDS, moved to PDS/FDRAGING
2025-04-04 06:47:36.953388 - Found FDRCATR.jcl (text/plain) in CBT.V508.FILE254.PDS, moved to PDS/FDRCATR
2025-04-04 06:47:36.953499 - Found FDRCOPY1.jcl (text/plain) in CBT.V508.FILE254.PDS, moved to PDS/FDRCOPY1
2025-04-04 06:47:36.953606 - Found FDRDUMP.jcl (text/plain) in CBT.V508.FILE254.PDS, moved to PDS/FDRDUMP
2025-04-04 06:47:36.953717 - Found FDREPORT.jcl (text/plain) in CBT.V508.FILE254.PDS, moved to PDS/FDREPORT
2025-04-04 06:47:36.953823 - Found FDRLOAD.jcl (text/plain) in CBT.V508.FILE254.PDS, moved to PDS/FDRLOAD
2025-04-04 06:47:36.953940 - Found FDRMOVE.jcl (text/plain) in CBT.V508.FILE254.PDS, moved to PDS/FDRMOVE
2025-04-04 06:47:36.954065 - Found FDRPRINT.jcl (text/plain) in CBT.V508.FILE254.PDS, moved to PDS/FDRPRINT
2025-04-04 06:47:36.954179 - Found FDRPVTOC.jcl (text/plain) in CBT.V508.FILE254.PDS, moved to PDS/FDRPVTOC
2025-04-04 06:47:36.954301 - Found FDRRPT.jcl (text/plain) in CBT.V508.FILE254.PDS, moved to PDS/FDRRPT
2025-04-04 06:47:36.954412 - Found FDRRPT2.jcl (text/plain) in CBT.V508.FILE254.PDS, moved to PDS/FDRRPT2
2025-04-04 06:47:36.954519 - Found FDRRPT3.jcl (text/plain) in CBT.V508.FILE254.PDS, moved to PDS/FDRRPT3
2025-04-04 06:47:36.954631 - Found FDRRPT4.jcl (text/plain) in CBT.V508.FILE254.PDS, moved to PDS/FDRRPT4
2025-04-04 06:47:36.954747 - Found FDSCAN.jcl (text/plain) in CBT.V508.FILE254.PDS, moved to PDS/FDSCAN
2025-04-04 06:47:36.954858 - Found FIXCAT.rexx (text/plain) in CBT.V508.FILE254.PDS, moved to PDS/FIXCAT
2025-04-04 06:47:36.954965 - Found FIXCAT2.jcl (text/plain) in CBT.V508.FILE254.PDS, moved to PDS/FIXCAT2
2025-04-04 06:47:36.955094 - Found FIXCLAS1.jcl (text/plain) in CBT.V508.FILE254.PDS, moved to PDS/FIXCLAS1
2025-04-04 06:47:36.955208 - Found FIXINDEX.jcl (text/plain) in CBT.V508.FILE254.PDS, moved to PDS/FIXINDEX
2025-04-04 06:47:36.955317 - Found FIXLISTC.rexx (text/plain) in CBT.V508.FILE254.PDS, moved to PDS/FIXLISTC
2025-04-04 06:47:36.955431 - Found FIXOUT1.rexx (text/plain) in CBT.V508.FILE254.PDS, moved to PDS/FIXOUT1
2025-04-04 06:47:36.955537 - Found FIXOUT2.rexx (text/plain) in CBT.V508.FILE254.PDS, moved to PDS/FIXOUT2
2025-04-04 06:47:36.955645 - Found FIXU1.rexx (text/plain) in CBT.V508.FILE254.PDS, moved to PDS/FIXU1
2025-04-04 06:47:36.955754 - Found FOCUSCMD.txt (text/plain) in CBT.V508.FILE254.PDS, moved to PDS/FOCUSCMD
2025-04-04 06:47:36.955864 - Found FOCUSJCL.jcl (text/plain) in CBT.V508.FILE254.PDS, moved to PDS/FOCUSJCL
2025-04-04 06:47:36.955975 - Found FRAGINDX.jcl (text/plain) in CBT.V508.FILE254.PDS, moved to PDS/FRAGINDX
2025-04-04 06:47:36.956096 - Found FRCABTRM.jcl (text/plain) in CBT.V508.FILE254.PDS, moved to PDS/FRCABTRM
2025-04-04 06:47:36.956207 - Found FREEALL.jcl (text/plain) in CBT.V508.FILE254.PDS, moved to PDS/FREEALL
2025-04-04 06:47:36.956329 - Found FS.rexx (text/plain) in CBT.V508.FILE254.PDS, moved to PDS/FS
2025-04-04 06:47:36.956439 - Found FTP.jcl (text/plain) in CBT.V508.FILE254.PDS, moved to PDS/FTP
2025-04-04 06:47:36.956551 - Found GDGTEST.jcl (text/plain) in CBT.V508.FILE254.PDS, moved to PDS/GDGTEST
2025-04-04 06:47:36.956660 - Found GENDUMP.jcl (text/plain) in CBT.V508.FILE254.PDS, moved to PDS/GENDUMP
2025-04-04 06:47:36.956770 - Found GENRECAT.rexx (text/plain) in CBT.V508.FILE254.PDS, moved to PDS/GENRECAT
2025-04-04 06:47:36.956876 - Found GENREST.jcl (text/plain) in CBT.V508.FILE254.PDS, moved to PDS/GENREST
2025-04-04 06:47:36.956988 - Found GENSAR.jcl (text/plain) in CBT.V508.FILE254.PDS, moved to PDS/GENSAR
2025-04-04 06:47:36.957095 - Found GRANT.txt (text/plain) in CBT.V508.FILE254.PDS, moved to PDS/GRANT
2025-04-04 06:47:36.957224 - Found GRANTS.txt (text/plain) in CBT.V508.FILE254.PDS, moved to PDS/GRANTS
2025-04-04 06:47:36.957335 - Found GRSUSER.jcl (text/plain) in CBT.V508.FILE254.PDS, moved to PDS/GRSUSER
2025-04-04 06:47:36.957611 - Found GSY05A.jcl (text/plain) in CBT.V508.FILE254.PDS, moved to PDS/GSY05A
2025-04-04 06:47:36.957718 - Found GSY05AT.jcl (text/plain) in CBT.V508.FILE254.PDS, moved to PDS/GSY05AT
2025-04-04 06:47:36.957825 - Found HISTOGRM.jcl (text/plain) in CBT.V508.FILE254.PDS, moved to PDS/HISTOGRM
2025-04-04 06:47:36.957937 - Found IAMACCES.txt (text/plain) in CBT.V508.FILE254.PDS, moved to PDS/IAMACCES
2025-04-04 06:47:36.958044 - Found IAMCREAT.txt (text/plain) in CBT.V508.FILE254.PDS, moved to PDS/IAMCREAT
2025-04-04 06:47:36.958148 - Found IAMLOAD.jcl (text/plain) in CBT.V508.FILE254.PDS, moved to PDS/IAMLOAD
2025-04-04 06:47:36.958296 - Found IAMREPRO.jcl (text/plain) in CBT.V508.FILE254.PDS, moved to PDS/IAMREPRO
2025-04-04 06:47:36.958462 - Found IAMSIMVS.jcl (text/plain) in CBT.V508.FILE254.PDS, moved to PDS/IAMSIMVS
2025-04-04 06:47:36.958602 - Found IAMSMFVS.jcl (text/plain) in CBT.V508.FILE254.PDS, moved to PDS/IAMSMFVS
2025-04-04 06:47:36.958730 - Found IBMSMFD.jcl (text/plain) in CBT.V508.FILE254.PDS, moved to PDS/IBMSMFD
2025-04-04 06:47:36.958846 - Found ICECALC.rexx (text/plain) in CBT.V508.FILE254.PDS, moved to PDS/ICECALC
2025-04-04 06:47:36.958965 - Found ICETEST.rexx (text/plain) in CBT.V508.FILE254.PDS, moved to PDS/ICETEST
2025-04-04 06:47:36.959083 - Found ICKDSF.jcl (text/plain) in CBT.V508.FILE254.PDS, moved to PDS/ICKDSF
2025-04-04 06:47:36.959198 - Found IEBGENER.jcl (text/plain) in CBT.V508.FILE254.PDS, moved to PDS/IEBGENER
2025-04-04 06:47:36.959321 - Found IEBGENR2.jcl (text/plain) in CBT.V508.FILE254.PDS, moved to PDS/IEBGENR2
2025-04-04 06:47:36.959452 - Found IEBGENR3.jcl (text/plain) in CBT.V508.FILE254.PDS, moved to PDS/IEBGENR3
2025-04-04 06:47:36.959567 - Found IEBUPDTE.jcl (text/plain) in CBT.V508.FILE254.PDS, moved to PDS/IEBUPDTE
2025-04-04 06:47:36.959697 - Found IEFDB401.jcl (text/plain) in CBT.V508.FILE254.PDS, moved to PDS/IEFDB401
2025-04-04 06:47:36.959808 - Found IEHPROGM.jcl (text/plain) in CBT.V508.FILE254.PDS, moved to PDS/IEHPROGM
2025-04-04 06:47:36.959919 - Found IGDSMS00.txt (text/plain) in CBT.V508.FILE254.PDS, moved to PDS/IGDSMS00
2025-04-04 06:47:36.960029 - Found IMAGEGEN.jcl (text/plain) in CBT.V508.FILE254.PDS, moved to PDS/IMAGEGEN
2025-04-04 06:47:36.960140 - Found IMAGEGNT.jcl (text/plain) in CBT.V508.FILE254.PDS, moved to PDS/IMAGEGNT
2025-04-04 06:47:36.960255 - Found IMAGEGN2.jcl (text/plain) in CBT.V508.FILE254.PDS, moved to PDS/IMAGEGN2
2025-04-04 06:47:36.960376 - Found IMAGEGN3.jcl (text/plain) in CBT.V508.FILE254.PDS, moved to PDS/IMAGEGN3
2025-04-04 06:47:36.960492 - Found IMAGEGN4.jcl (text/plain) in CBT.V508.FILE254.PDS, moved to PDS/IMAGEGN4
2025-04-04 06:47:36.960617 - Found IMAGETST.jcl (text/plain) in CBT.V508.FILE254.PDS, moved to PDS/IMAGETST
2025-04-04 06:47:36.960729 - Found IMAGTST.jcl (text/plain) in CBT.V508.FILE254.PDS, moved to PDS/IMAGTST
2025-04-04 06:47:36.960841 - Found IMPRTCAT.jcl (text/plain) in CBT.V508.FILE254.PDS, moved to PDS/IMPRTCAT
2025-04-04 06:47:36.960951 - Found INCLUDE1.txt (text/plain) in CBT.V508.FILE254.PDS, moved to PDS/INCLUDE1
2025-04-04 06:47:36.961065 - Found INCLUDE2.txt (text/plain) in CBT.V508.FILE254.PDS, moved to PDS/INCLUDE2
2025-04-04 06:47:36.961172 - Found IOCPCHK.jcl (text/plain) in CBT.V508.FILE254.PDS, moved to PDS/IOCPCHK
2025-04-04 06:47:36.961283 - Found IOCPWRIT.jcl (text/plain) in CBT.V508.FILE254.PDS, moved to PDS/IOCPWRIT
2025-04-04 06:47:36.961473 - Found IOSUBSYS.rexx (text/plain) in CBT.V508.FILE254.PDS, moved to PDS/IOSUBSYS
2025-04-04 06:47:36.961640 - Found ITEST.jcl (text/plain) in CBT.V508.FILE254.PDS, moved to PDS/ITEST
2025-04-04 06:47:36.961781 - Found JCLPDB6.jcl (text/plain) in CBT.V508.FILE254.PDS, moved to PDS/JCLPDB6
2025-04-04 06:47:36.961909 - Found JCLRPT.jcl (text/plain) in CBT.V508.FILE254.PDS, moved to PDS/JCLRPT
2025-04-04 06:47:36.962044 - Found JEFFCALL.jcl (text/plain) in CBT.V508.FILE254.PDS, moved to PDS/JEFFCALL
2025-04-04 06:47:36.962157 - Found JOBCARD.jcl (text/plain) in CBT.V508.FILE254.PDS, moved to PDS/JOBCARD
2025-04-04 06:47:36.962278 - Found JSVERIFY.jcl (text/plain) in CBT.V508.FILE254.PDS, moved to PDS/JSVERIFY
2025-04-04 06:47:36.962390 - Found LDATAB.jcl (text/plain) in CBT.V508.FILE254.PDS, moved to PDS/LDATAB
2025-04-04 06:47:36.962507 - Found LIBIP02.txt (text/plain) in CBT.V508.FILE254.PDS, moved to PDS/LIBIP02
2025-04-04 06:47:36.962639 - Found LIBSMP.jcl (text/plain) in CBT.V508.FILE254.PDS, moved to PDS/LIBSMP
2025-04-04 06:47:36.962756 - Found LIBSUB.jcl (text/plain) in CBT.V508.FILE254.PDS, moved to PDS/LIBSUB
2025-04-04 06:47:36.962886 - Found LINK.jcl (text/plain) in CBT.V508.FILE254.PDS, moved to PDS/LINK
2025-04-04 06:47:36.963000 - Found LISTCAT.jcl (text/plain) in CBT.V508.FILE254.PDS, moved to PDS/LISTCAT
2025-04-04 06:47:36.963111 - Found LISTCAT2.jcl (text/plain) in CBT.V508.FILE254.PDS, moved to PDS/LISTCAT2
2025-04-04 06:47:36.963220 - Found LISTIDR.jcl (text/plain) in CBT.V508.FILE254.PDS, moved to PDS/LISTIDR
2025-04-04 06:47:36.963329 - Found LISTVTOC.jcl (text/plain) in CBT.V508.FILE254.PDS, moved to PDS/LISTVTOC
2025-04-04 06:47:36.963442 - Found LOADPCT.jcl (text/plain) in CBT.V508.FILE254.PDS, moved to PDS/LOADPCT
2025-04-04 06:47:36.963561 - Found LOADZEKE.jcl (text/plain) in CBT.V508.FILE254.PDS, moved to PDS/LOADZEKE
2025-04-04 06:47:36.963682 - Found LOGREC.jcl (text/plain) in CBT.V508.FILE254.PDS, moved to PDS/LOGREC
2025-04-04 06:47:36.963796 - Found LOOKCMDS.rexx (text/plain) in CBT.V508.FILE254.PDS, moved to PDS/LOOKCMDS
2025-04-04 06:47:36.963918 - Found LOOKSMSC.rexx (text/plain) in CBT.V508.FILE254.PDS, moved to PDS/LOOKSMSC
2025-04-04 06:47:36.964043 - Found LPROLL.jcl (text/plain) in CBT.V508.FILE254.PDS, moved to PDS/LPROLL
2025-04-04 06:47:36.964151 - Found MERGTEST.jcl (text/plain) in CBT.V508.FILE254.PDS, moved to PDS/MERGTEST
2025-04-04 06:47:36.964264 - Found MGMTCLAO.txt (text/plain) in CBT.V508.FILE254.PDS, moved to PDS/MGMTCLAO
2025-04-04 06:47:36.964374 - Found MIMAUTH.jcl (text/plain) in CBT.V508.FILE254.PDS, moved to PDS/MIMAUTH
2025-04-04 06:47:36.964485 - Found MIMZAP.jcl (text/plain) in CBT.V508.FILE254.PDS, moved to PDS/MIMZAP
2025-04-04 06:47:36.964595 - Found MODELGDG.jcl (text/plain) in CBT.V508.FILE254.PDS, moved to PDS/MODELGDG
2025-04-04 06:47:36.964728 - Found MORTGAGE.rexx (text/plain) in CBT.V508.FILE254.PDS, moved to PDS/MORTGAGE
2025-04-04 06:47:36.964838 - Found MOVESMS.jcl (text/plain) in CBT.V508.FILE254.PDS, moved to PDS/MOVESMS
2025-04-04 06:47:36.964951 - Found MPFLST00.txt (text/plain) in CBT.V508.FILE254.PDS, moved to PDS/MPFLST00
2025-04-04 06:47:36.965063 - Found MSGAUTOM.txt (text/plain) in CBT.V508.FILE254.PDS, moved to PDS/MSGAUTOM
2025-04-04 06:47:36.965193 - Found MSGQ.jcl (text/plain) in CBT.V508.FILE254.PDS, moved to PDS/MSGQ
2025-04-04 06:47:36.965303 - Found MVSNFS.jcl (text/plain) in CBT.V508.FILE254.PDS, moved to PDS/MVSNFS
2025-04-04 06:47:36.965411 - Found MXGFORMT.jcl (text/plain) in CBT.V508.FILE254.PDS, moved to PDS/MXGFORMT
2025-04-04 06:47:36.965521 - Found MXGLOAD.jcl (text/plain) in CBT.V508.FILE254.PDS, moved to PDS/MXGLOAD
2025-04-04 06:47:36.965631 - Found M204B.jcl (text/plain) in CBT.V508.FILE254.PDS, moved to PDS/M204B
2025-04-04 06:47:36.965752 - Found M205B.jcl (text/plain) in CBT.V508.FILE254.PDS, moved to PDS/M205B
2025-04-04 06:47:36.965860 - Found M206B.jcl (text/plain) in CBT.V508.FILE254.PDS, moved to PDS/M206B
2025-04-04 06:47:36.965977 - Found NJESAMP.jcl (text/plain) in CBT.V508.FILE254.PDS, moved to PDS/NJESAMP
2025-04-04 06:47:36.966116 - Found NTVAUTCL.jcl (text/plain) in CBT.V508.FILE254.PDS, moved to PDS/NTVAUTCL
2025-04-04 06:47:36.966255 - Found ONLVOL.jcl (text/plain) in CBT.V508.FILE254.PDS, moved to PDS/ONLVOL
2025-04-04 06:47:36.966386 - Found PASSWORD.jcl (text/plain) in CBT.V508.FILE254.PDS, moved to PDS/PASSWORD
2025-04-04 06:47:36.966508 - Found PDS.rexx (text/plain) in CBT.V508.FILE254.PDS, moved to PDS/PDS
2025-04-04 06:47:36.966642 - Found PDSMTCH.rexx (text/plain) in CBT.V508.FILE254.PDS, moved to PDS/PDSMTCH
2025-04-04 06:47:36.966801 - Found PDSSYSIN.txt (text/plain) in CBT.V508.FILE254.PDS, moved to PDS/PDSSYSIN
2025-04-04 06:47:36.967021 - Found PDSTOSEQ.jcl (text/plain) in CBT.V508.FILE254.PDS, moved to PDS/PDSTOSEQ
2025-04-04 06:47:36.967242 - Found PDSXSEQ.jcl (text/plain) in CBT.V508.FILE254.PDS, moved to PDS/PDSXSEQ
2025-04-04 06:47:36.967415 - Found PIPEDUMP.jcl (text/plain) in CBT.V508.FILE254.PDS, moved to PDS/PIPEDUMP
2025-04-04 06:47:36.967585 - Found PIPEIN.jcl (text/plain) in CBT.V508.FILE254.PDS, moved to PDS/PIPEIN
2025-04-04 06:47:36.967772 - Found PIPEOUT.jcl (text/plain) in CBT.V508.FILE254.PDS, moved to PDS/PIPEOUT
2025-04-04 06:47:36.967958 - Found PMONASM.jcl (text/plain) in CBT.V508.FILE254.PDS, moved to PDS/PMONASM
2025-04-04 06:47:36.968138 - Found POLLBKV0.jcl (text/plain) in CBT.V508.FILE254.PDS, moved to PDS/POLLBKV0
2025-04-04 06:47:36.968320 - Found POLLBKV1.jcl (text/plain) in CBT.V508.FILE254.PDS, moved to PDS/POLLBKV1
2025-04-04 06:47:36.968480 - Found POLLCOPY.txt (text/plain) in CBT.V508.FILE254.PDS, moved to PDS/POLLCOPY
2025-04-04 06:47:36.968648 - Found POLLDOWN.jcl (text/plain) in CBT.V508.FILE254.PDS, moved to PDS/POLLDOWN
2025-04-04 06:47:36.968830 - Found POLLTSTS.jcl (text/plain) in CBT.V508.FILE254.PDS, moved to PDS/POLLTSTS
2025-04-04 06:47:36.968999 - Found POLLTST3.jcl (text/plain) in CBT.V508.FILE254.PDS, moved to PDS/POLLTST3
2025-04-04 06:47:36.969163 - Found POLLTUT1.jcl (text/plain) in CBT.V508.FILE254.PDS, moved to PDS/POLLTUT1
2025-04-04 06:47:36.969321 - Found POLLT160.jcl (text/plain) in CBT.V508.FILE254.PDS, moved to PDS/POLLT160
2025-04-04 06:47:36.969480 - Found POLLT320.jcl (text/plain) in CBT.V508.FILE254.PDS, moved to PDS/POLLT320
2025-04-04 06:47:36.969653 - Found POSXR01D.jcl (text/plain) in CBT.V508.FILE254.PDS, moved to PDS/POSXR01D
2025-04-04 06:47:36.969835 - Found PRINTMIL.rexx (text/plain) in CBT.V508.FILE254.PDS, moved to PDS/PRINTMIL
2025-04-04 06:47:36.969989 - Found PRTDMP.jcl (text/plain) in CBT.V508.FILE254.PDS, moved to PDS/PRTDMP
2025-04-04 06:47:36.970133 - Found PRTDMP2.jcl (text/plain) in CBT.V508.FILE254.PDS, moved to PDS/PRTDMP2
2025-04-04 06:47:36.970315 - Found PSDD81D.jcl (text/plain) in CBT.V508.FILE254.PDS, moved to PDS/PSDD81D
2025-04-04 06:47:36.970537 - Found PSEQTEST.jcl (text/plain) in CBT.V508.FILE254.PDS, moved to PDS/PSEQTEST
2025-04-04 06:47:36.970686 - Found PURBKUP.jcl (text/plain) in CBT.V508.FILE254.PDS, moved to PDS/PURBKUP
2025-04-04 06:47:36.970880 - Found QCAPF1.rexx (text/plain) in CBT.V508.FILE254.PDS, moved to PDS/QCAPF1
2025-04-04 06:47:36.971034 - Found QCAPF5.rexx (text/plain) in CBT.V508.FILE254.PDS, moved to PDS/QCAPF5
2025-04-04 06:47:36.971171 - Found QCDLY2.rexx (text/plain) in CBT.V508.FILE254.PDS, moved to PDS/QCDLY2
2025-04-04 06:47:36.971298 - Found QCTMN1.rexx (text/plain) in CBT.V508.FILE254.PDS, moved to PDS/QCTMN1
2025-04-04 06:47:36.971432 - Found QCTMN2.rexx (text/plain) in CBT.V508.FILE254.PDS, moved to PDS/QCTMN2
2025-04-04 06:47:36.971605 - Found QSAMHIPR.jcl (text/plain) in CBT.V508.FILE254.PDS, moved to PDS/QSAMHIPR
2025-04-04 06:47:36.971752 - Found QXREF.txt (text/plain) in CBT.V508.FILE254.PDS, moved to PDS/QXREF
2025-04-04 06:47:36.971916 - Found RACFUSER.jcl (text/plain) in CBT.V508.FILE254.PDS, moved to PDS/RACFUSER
2025-04-04 06:47:36.972175 - Found RACFUSR1.jcl (text/plain) in CBT.V508.FILE254.PDS, moved to PDS/RACFUSR1
2025-04-04 06:47:36.972346 - Found RBARESET.jcl (text/plain) in CBT.V508.FILE254.PDS, moved to PDS/RBARESET
2025-04-04 06:47:36.972473 - Found RBATEST.jcl (text/plain) in CBT.V508.FILE254.PDS, moved to PDS/RBATEST
2025-04-04 06:47:36.972624 - Found RCTMN2.rexx (text/plain) in CBT.V508.FILE254.PDS, moved to PDS/RCTMN2
2025-04-04 06:47:36.972763 - Found RCXCL.jcl (text/plain) in CBT.V508.FILE254.PDS, moved to PDS/RCXCL
2025-04-04 06:47:36.972880 - Found REFRESAA.jcl (text/plain) in CBT.V508.FILE254.PDS, moved to PDS/REFRESAA
2025-04-04 06:47:36.973021 - Found REFROLD.rexx (text/plain) in CBT.V508.FILE254.PDS, moved to PDS/REFROLD
2025-04-04 06:47:36.973177 - Found REPRO.txt (text/plain) in CBT.V508.FILE254.PDS, moved to PDS/REPRO
2025-04-04 06:47:36.973298 - Found RESONL.jcl (text/plain) in CBT.V508.FILE254.PDS, moved to PDS/RESONL
2025-04-04 06:47:36.973436 - Found RESTADDR.jcl (text/plain) in CBT.V508.FILE254.PDS, moved to PDS/RESTADDR
2025-04-04 06:47:36.973559 - Found REXXSQLS.jcl (text/plain) in CBT.V508.FILE254.PDS, moved to PDS/REXXSQLS
2025-04-04 06:47:36.973708 - Found RMAXMON.rexx (text/plain) in CBT.V508.FILE254.PDS, moved to PDS/RMAXMON
2025-04-04 06:47:36.973841 - Found RMAXOLD.rexx (text/plain) in CBT.V508.FILE254.PDS, moved to PDS/RMAXOLD
2025-04-04 06:47:36.973997 - Found RMFDATA.jcl (text/plain) in CBT.V508.FILE254.PDS, moved to PDS/RMFDATA
2025-04-04 06:47:36.974128 - Found RMFGEN.rexx (text/plain) in CBT.V508.FILE254.PDS, moved to PDS/RMFGEN
2025-04-04 06:47:36.974262 - Found RMFPP.jcl (text/plain) in CBT.V508.FILE254.PDS, moved to PDS/RMFPP
2025-04-04 06:47:36.974401 - Found RMFPP1.jcl (text/plain) in CBT.V508.FILE254.PDS, moved to PDS/RMFPP1
2025-04-04 06:47:36.974538 - Found RMFPP2.jcl (text/plain) in CBT.V508.FILE254.PDS, moved to PDS/RMFPP2
2025-04-04 06:47:36.974676 - Found RMFPP4.jcl (text/plain) in CBT.V508.FILE254.PDS, moved to PDS/RMFPP4
2025-04-04 06:47:36.974800 - Found RMFPP5.jcl (text/plain) in CBT.V508.FILE254.PDS, moved to PDS/RMFPP5
2025-04-04 06:47:36.974934 - Found RMFPP6.jcl (text/plain) in CBT.V508.FILE254.PDS, moved to PDS/RMFPP6
2025-04-04 06:47:36.975066 - Found RMFPP9.jcl (text/plain) in CBT.V508.FILE254.PDS, moved to PDS/RMFPP9
2025-04-04 06:47:36.975189 - Found RNLCHECK.rexx (text/plain) in CBT.V508.FILE254.PDS, moved to PDS/RNLCHECK
2025-04-04 06:47:36.975319 - Found RNLCKASM.jcl (text/plain) in CBT.V508.FILE254.PDS, moved to PDS/RNLCKASM
2025-04-04 06:47:36.975464 - Found ROBOCOP.rexx (text/plain) in CBT.V508.FILE254.PDS, moved to PDS/ROBOCOP
2025-04-04 06:47:36.975589 - Found ROBOTEST.jcl (text/plain) in CBT.V508.FILE254.PDS, moved to PDS/ROBOTEST
2025-04-04 06:47:36.975722 - Found ROCKROLL.rexx (text/plain) in CBT.V508.FILE254.PDS, moved to PDS/ROCKROLL
2025-04-04 06:47:36.975855 - Found RPKZIP.jcl (text/plain) in CBT.V508.FILE254.PDS, moved to PDS/RPKZIP
2025-04-04 06:47:36.975997 - Found RUNASQL.jcl (text/plain) in CBT.V508.FILE254.PDS, moved to PDS/RUNASQL
2025-04-04 06:47:36.976117 - Found RUNDATE.jcl (text/plain) in CBT.V508.FILE254.PDS, moved to PDS/RUNDATE
2025-04-04 06:47:36.976238 - Found RUNDMPPR.jcl (text/plain) in CBT.V508.FILE254.PDS, moved to PDS/RUNDMPPR
2025-04-04 06:47:36.976346 - Found SAMPI.txt (text/plain) in CBT.V508.FILE254.PDS, moved to PDS/SAMPI
2025-04-04 06:47:36.976463 - Found SAVEACDS.rexx (text/plain) in CBT.V508.FILE254.PDS, moved to PDS/SAVEACDS
2025-04-04 06:47:36.976572 - Found SCANTERM.rexx (text/plain) in CBT.V508.FILE254.PDS, moved to PDS/SCANTERM
2025-04-04 06:47:36.976686 - Found SCNTRMOT.txt (text/plain) in CBT.V508.FILE254.PDS, moved to PDS/SCNTRMOT
2025-04-04 06:47:36.976809 - Found SDD81B.jcl (text/plain) in CBT.V508.FILE254.PDS, moved to PDS/SDD81B
2025-04-04 06:47:36.976931 - Found SDD81JCL.jcl (text/plain) in CBT.V508.FILE254.PDS, moved to PDS/SDD81JCL
2025-04-04 06:47:36.977048 - Found SDD81NEW.txt (text/plain) in CBT.V508.FILE254.PDS, moved to PDS/SDD81NEW
2025-04-04 06:47:36.977170 - Found SDD81TMP.txt (text/plain) in CBT.V508.FILE254.PDS, moved to PDS/SDD81TMP
2025-04-04 06:47:36.977284 - Found SERIAL.rexx (text/plain) in CBT.V508.FILE254.PDS, moved to PDS/SERIAL
2025-04-04 06:47:36.977404 - Found SICSCAN.rexx (text/plain) in CBT.V508.FILE254.PDS, moved to PDS/SICSCAN
2025-04-04 06:47:36.977517 - Found SLCTFRAG.rexx (text/plain) in CBT.V508.FILE254.PDS, moved to PDS/SLCTFRAG
2025-04-04 06:47:36.977632 - Found SMFANAL.jcl (text/plain) in CBT.V508.FILE254.PDS, moved to PDS/SMFANAL
2025-04-04 06:47:36.977743 - Found SMFDSNME.jcl (text/plain) in CBT.V508.FILE254.PDS, moved to PDS/SMFDSNME
2025-04-04 06:47:36.977860 - Found SMFPROC.jcl (text/plain) in CBT.V508.FILE254.PDS, moved to PDS/SMFPROC
2025-04-04 06:47:36.978010 - Found SMFPROC2.jcl (text/plain) in CBT.V508.FILE254.PDS, moved to PDS/SMFPROC2
2025-04-04 06:47:36.978124 - Found SMFPROC3.jcl (text/plain) in CBT.V508.FILE254.PDS, moved to PDS/SMFPROC3
2025-04-04 06:47:36.978233 - Found SMPLIST.jcl (text/plain) in CBT.V508.FILE254.PDS, moved to PDS/SMPLIST
2025-04-04 06:47:36.978345 - Found SMSEXMPL.jcl (text/plain) in CBT.V508.FILE254.PDS, moved to PDS/SMSEXMPL
2025-04-04 06:47:36.978466 - Found SMSEXMP2.jcl (text/plain) in CBT.V508.FILE254.PDS, moved to PDS/SMSEXMP2
2025-04-04 06:47:36.978574 - Found SMSEXMP3.jcl (text/plain) in CBT.V508.FILE254.PDS, moved to PDS/SMSEXMP3
2025-04-04 06:47:36.978685 - Found SMSEXMP4.jcl (text/plain) in CBT.V508.FILE254.PDS, moved to PDS/SMSEXMP4
2025-04-04 06:47:36.978792 - Found SMSEXMP5.jcl (text/plain) in CBT.V508.FILE254.PDS, moved to PDS/SMSEXMP5
2025-04-04 06:47:36.978904 - Found SMSEXMP6.jcl (text/plain) in CBT.V508.FILE254.PDS, moved to PDS/SMSEXMP6
2025-04-04 06:47:36.979025 - Found SMSEXMP7.jcl (text/plain) in CBT.V508.FILE254.PDS, moved to PDS/SMSEXMP7
2025-04-04 06:47:36.979134 - Found SMSEXMP8.jcl (text/plain) in CBT.V508.FILE254.PDS, moved to PDS/SMSEXMP8
2025-04-04 06:47:36.979247 - Found SMSEXMP9.jcl (text/plain) in CBT.V508.FILE254.PDS, moved to PDS/SMSEXMP9
2025-04-04 06:47:36.979371 - Found SQLDEL.txt (text/plain) in CBT.V508.FILE254.PDS, moved to PDS/SQLDEL
2025-04-04 06:47:36.979483 - Found SQLSEL.txt (text/plain) in CBT.V508.FILE254.PDS, moved to PDS/SQLSEL
2025-04-04 06:47:36.979597 - Found STANDARD.txt (text/plain) in CBT.V508.FILE254.PDS, moved to PDS/STANDARD
2025-04-04 06:47:36.979705 - Found STATSUP.rexx (text/plain) in CBT.V508.FILE254.PDS, moved to PDS/STATSUP
2025-04-04 06:47:36.979820 - Found STEP4EXC.rexx (text/plain) in CBT.V508.FILE254.PDS, moved to PDS/STEP4EXC
2025-04-04 06:47:36.979928 - Found STOPX37R.jcl (text/plain) in CBT.V508.FILE254.PDS, moved to PDS/STOPX37R
2025-04-04 06:47:36.980048 - Found STORECNT.rexx (text/plain) in CBT.V508.FILE254.PDS, moved to PDS/STORECNT
2025-04-04 06:47:36.980163 - Found STORESUM.jcl (text/plain) in CBT.V508.FILE254.PDS, moved to PDS/STORESUM
2025-04-04 06:47:36.980274 - Found STORGRPM.txt (text/plain) in CBT.V508.FILE254.PDS, moved to PDS/STORGRPM
2025-04-04 06:47:36.980380 - Found STORGRPO.txt (text/plain) in CBT.V508.FILE254.PDS, moved to PDS/STORGRPO
2025-04-04 06:47:36.980502 - Found STORTEST.jcl (text/plain) in CBT.V508.FILE254.PDS, moved to PDS/STORTEST
2025-04-04 06:47:36.980613 - Found STPX37TS.jcl (text/plain) in CBT.V508.FILE254.PDS, moved to PDS/STPX37TS
2025-04-04 06:47:36.980725 - Found SU10ADI9.jcl (text/plain) in CBT.V508.FILE254.PDS, moved to PDS/SU10ADI9
2025-04-04 06:47:36.980833 - Found SYNALIAS.rexx (text/plain) in CBT.V508.FILE254.PDS, moved to PDS/SYNALIAS
2025-04-04 06:47:36.980949 - Found SYNCLIST.jcl (text/plain) in CBT.V508.FILE254.PDS, moved to PDS/SYNCLIST
2025-04-04 06:47:36.981059 - Found SYNCRACF.jcl (text/plain) in CBT.V508.FILE254.PDS, moved to PDS/SYNCRACF
2025-04-04 06:47:36.981166 - Found SYSAIOCP.jcl (text/plain) in CBT.V508.FILE254.PDS, moved to PDS/SYSAIOCP
2025-04-04 06:47:36.981292 - Found SYSALIAS.rexx (text/plain) in CBT.V508.FILE254.PDS, moved to PDS/SYSALIAS
2025-04-04 06:47:36.981410 - Found SYSBIOCP.jcl (text/plain) in CBT.V508.FILE254.PDS, moved to PDS/SYSBIOCP
2025-04-04 06:47:36.981539 - Found SYSDASD.jcl (text/plain) in CBT.V508.FILE254.PDS, moved to PDS/SYSDASD
2025-04-04 06:47:36.981660 - Found SYSDASDR.jcl (text/plain) in CBT.V508.FILE254.PDS, moved to PDS/SYSDASDR
2025-04-04 06:47:36.981785 - Found SYSMATCH.jcl (text/plain) in CBT.V508.FILE254.PDS, moved to PDS/SYSMATCH
2025-04-04 06:47:36.981895 - Found SYSMIOCP.jcl (text/plain) in CBT.V508.FILE254.PDS, moved to PDS/SYSMIOCP
2025-04-04 06:47:36.982001 - Found SYSUIOCP.jcl (text/plain) in CBT.V508.FILE254.PDS, moved to PDS/SYSUIOCP
2025-04-04 06:47:36.982113 - Found TAPEMAP.jcl (text/plain) in CBT.V508.FILE254.PDS, moved to PDS/TAPEMAP
2025-04-04 06:47:36.982225 - Found TDB2TEP2.jcl (text/plain) in CBT.V508.FILE254.PDS, moved to PDS/TDB2TEP2
2025-04-04 06:47:36.982346 - Found TDB2TICK.jcl (text/plain) in CBT.V508.FILE254.PDS, moved to PDS/TDB2TICK
2025-04-04 06:47:36.982467 - Found TEST.jcl (text/plain) in CBT.V508.FILE254.PDS, moved to PDS/TEST
2025-04-04 06:47:36.982587 - Found TESTBITR.jcl (text/plain) in CBT.V508.FILE254.PDS, moved to PDS/TESTBITR
2025-04-04 06:47:36.982699 - Found TESTB2C.jcl (text/plain) in CBT.V508.FILE254.PDS, moved to PDS/TESTB2C
2025-04-04 06:47:36.982810 - Found TESTB2CR.rexx (text/plain) in CBT.V508.FILE254.PDS, moved to PDS/TESTB2CR
2025-04-04 06:47:36.982928 - Found TESTCLOS.jcl (text/plain) in CBT.V508.FILE254.PDS, moved to PDS/TESTCLOS
2025-04-04 06:47:36.983042 - Found TESTCSD.jcl (text/plain) in CBT.V508.FILE254.PDS, moved to PDS/TESTCSD
2025-04-04 06:47:36.983150 - Found TESTDB2P.jcl (text/plain) in CBT.V508.FILE254.PDS, moved to PDS/TESTDB2P
2025-04-04 06:47:36.983269 - Found TESTDB2T.jcl (text/plain) in CBT.V508.FILE254.PDS, moved to PDS/TESTDB2T
2025-04-04 06:47:36.983391 - Found TESTFAVR.jcl (text/plain) in CBT.V508.FILE254.PDS, moved to PDS/TESTFAVR
2025-04-04 06:47:36.983511 - Found TESTJCL1.jcl (text/plain) in CBT.V508.FILE254.PDS, moved to PDS/TESTJCL1
2025-04-04 06:47:36.983639 - Found TESTJCL2.jcl (text/plain) in CBT.V508.FILE254.PDS, moved to PDS/TESTJCL2
2025-04-04 06:47:36.983751 - Found TESTPROC.jcl (text/plain) in CBT.V508.FILE254.PDS, moved to PDS/TESTPROC
2025-04-04 06:47:36.983858 - Found TESTTEST.jcl (text/plain) in CBT.V508.FILE254.PDS, moved to PDS/TESTTEST
2025-04-04 06:47:36.983974 - Found TESTXREF.jcl (text/plain) in CBT.V508.FILE254.PDS, moved to PDS/TESTXREF
2025-04-04 06:47:36.984097 - Found TESTXRF2.jcl (text/plain) in CBT.V508.FILE254.PDS, moved to PDS/TESTXRF2
2025-04-04 06:47:36.984204 - Found TESTZ.jcl (text/plain) in CBT.V508.FILE254.PDS, moved to PDS/TESTZ
2025-04-04 06:47:36.984318 - Found TEST1.jcl (text/plain) in CBT.V508.FILE254.PDS, moved to PDS/TEST1
2025-04-04 06:47:36.984440 - Found TEST2400.jcl (text/plain) in CBT.V508.FILE254.PDS, moved to PDS/TEST2400
2025-04-04 06:47:36.984560 - Found TEST5.jcl (text/plain) in CBT.V508.FILE254.PDS, moved to PDS/TEST5
2025-04-04 06:47:36.984668 - Found TEST8.jcl (text/plain) in CBT.V508.FILE254.PDS, moved to PDS/TEST8
2025-04-04 06:47:36.984776 - Found TEST9.jcl (text/plain) in CBT.V508.FILE254.PDS, moved to PDS/TEST9
2025-04-04 06:47:36.984888 - Found TEST99.jcl (text/plain) in CBT.V508.FILE254.PDS, moved to PDS/TEST99
2025-04-04 06:47:36.985009 - Found TEX.rexx (text/plain) in CBT.V508.FILE254.PDS, moved to PDS/TEX
2025-04-04 06:47:36.985116 - Found TEX2.rexx (text/plain) in CBT.V508.FILE254.PDS, moved to PDS/TEX2
2025-04-04 06:47:36.985226 - Found TIDOUTS.txt (text/plain) in CBT.V508.FILE254.PDS, moved to PDS/TIDOUTS
2025-04-04 06:47:36.985338 - Found TIDXADEF.rexx (text/plain) in CBT.V508.FILE254.PDS, moved to PDS/TIDXADEF
2025-04-04 06:47:36.985468 - Found TIDXCMPR.rexx (text/plain) in CBT.V508.FILE254.PDS, moved to PDS/TIDXCMPR
2025-04-04 06:47:36.985581 - Found TIOTSCAN.jcl (text/plain) in CBT.V508.FILE254.PDS, moved to PDS/TIOTSCAN
2025-04-04 06:47:36.985689 - Found TLMSXREF.jcl (text/plain) in CBT.V508.FILE254.PDS, moved to PDS/TLMSXREF
2025-04-04 06:47:36.985810 - Found TLMSXRFJ.jcl (text/plain) in CBT.V508.FILE254.PDS, moved to PDS/TLMSXRFJ
2025-04-04 06:47:36.985919 - Found TLMSXTST.jcl (text/plain) in CBT.V508.FILE254.PDS, moved to PDS/TLMSXTST
2025-04-04 06:47:36.986027 - Found TMONCAPL.jcl (text/plain) in CBT.V508.FILE254.PDS, moved to PDS/TMONCAPL
2025-04-04 06:47:36.986153 - Found TMRP23C.jcl (text/plain) in CBT.V508.FILE254.PDS, moved to PDS/TMRP23C
2025-04-04 06:47:36.986264 - Found TSOADD.jcl (text/plain) in CBT.V508.FILE254.PDS, moved to PDS/TSOADD
2025-04-04 06:47:36.986375 - Found TSOIDLST.rexx (text/plain) in CBT.V508.FILE254.PDS, moved to PDS/TSOIDLST
2025-04-04 06:47:36.986500 - Found TSOOIDL.rexx (text/plain) in CBT.V508.FILE254.PDS, moved to PDS/TSOOIDL
2025-04-04 06:47:36.986629 - Found TSOSMSLS.rexx (text/plain) in CBT.V508.FILE254.PDS, moved to PDS/TSOSMSLS
2025-04-04 06:47:36.986739 - Found TSOUSERS.rexx (text/plain) in CBT.V508.FILE254.PDS, moved to PDS/TSOUSERS
2025-04-04 06:47:36.986847 - Found UIDBUILD.rexx (text/plain) in CBT.V508.FILE254.PDS, moved to PDS/UIDBUILD
2025-04-04 06:47:36.986968 - Found ULOADCPU.jcl (text/plain) in CBT.V508.FILE254.PDS, moved to PDS/ULOADCPU
2025-04-04 06:47:36.987088 - Found ULOADJOB.jcl (text/plain) in CBT.V508.FILE254.PDS, moved to PDS/ULOADJOB
2025-04-04 06:47:36.987199 - Found ULOADWRK.jcl (text/plain) in CBT.V508.FILE254.PDS, moved to PDS/ULOADWRK
2025-04-04 06:47:36.987306 - Found UPSTREAM.jcl (text/plain) in CBT.V508.FILE254.PDS, moved to PDS/UPSTREAM
2025-04-04 06:47:36.987418 - Found VENSLS1.jcl (text/plain) in CBT.V508.FILE254.PDS, moved to PDS/VENSLS1
2025-04-04 06:47:36.987541 - Found VMAINTV.jcl (text/plain) in CBT.V508.FILE254.PDS, moved to PDS/VMAINTV
2025-04-04 06:47:36.987649 - Found VOLSADDR.txt (text/plain) in CBT.V508.FILE254.PDS, moved to PDS/VOLSADDR
2025-04-04 06:47:36.987757 - Found VOLSNAME.txt (text/plain) in CBT.V508.FILE254.PDS, moved to PDS/VOLSNAME
2025-04-04 06:47:36.987866 - Found VSMRESET.jcl (text/plain) in CBT.V508.FILE254.PDS, moved to PDS/VSMRESET
2025-04-04 06:47:36.987987 - Found VSMTEST.jcl (text/plain) in CBT.V508.FILE254.PDS, moved to PDS/VSMTEST
2025-04-04 06:47:36.988095 - Found VTOC.rexx (text/plain) in CBT.V508.FILE254.PDS, moved to PDS/VTOC
2025-04-04 06:47:36.988209 - Found VTOCSCAN.jcl (text/plain) in CBT.V508.FILE254.PDS, moved to PDS/VTOCSCAN
2025-04-04 06:47:36.988317 - Found VTOCSORT.jcl (text/plain) in CBT.V508.FILE254.PDS, moved to PDS/VTOCSORT
2025-04-04 06:47:36.988433 - Found VTOCSYIN.txt (text/plain) in CBT.V508.FILE254.PDS, moved to PDS/VTOCSYIN
2025-04-04 06:47:36.988543 - Found WHOISX.rexx (text/plain) in CBT.V508.FILE254.PDS, moved to PDS/WHOISX
2025-04-04 06:47:36.988653 - Found WRESTSRC.jcl (text/plain) in CBT.V508.FILE254.PDS, moved to PDS/WRESTSRC
2025-04-04 06:47:36.988772 - Found WTOTEST.jcl (text/plain) in CBT.V508.FILE254.PDS, moved to PDS/WTOTEST
2025-04-04 06:47:36.988899 - Found XCATSRC.jcl (text/plain) in CBT.V508.FILE254.PDS, moved to PDS/XCATSRC
2025-04-04 06:47:36.989016 - Found XCOMJOB.jcl (text/plain) in CBT.V508.FILE254.PDS, moved to PDS/XCOMJOB
2025-04-04 06:47:36.989133 - Found XCOMLOAD.jcl (text/plain) in CBT.V508.FILE254.PDS, moved to PDS/XCOMLOAD
2025-04-04 06:47:36.989253 - Found XCOMMDIR.txt (text/plain) in CBT.V508.FILE254.PDS, moved to PDS/XCOMMDIR
2025-04-04 06:47:36.989369 - Found XCOMSAMP.jcl (text/plain) in CBT.V508.FILE254.PDS, moved to PDS/XCOMSAMP
2025-04-04 06:47:36.989475 - Found XCOMTEST.jcl (text/plain) in CBT.V508.FILE254.PDS, moved to PDS/XCOMTEST
2025-04-04 06:47:36.989582 - Found XLIBALLS.jcl (text/plain) in CBT.V508.FILE254.PDS, moved to PDS/XLIBALLS
2025-04-04 06:47:36.989692 - Found XREFPROD.jcl (text/plain) in CBT.V508.FILE254.PDS, moved to PDS/XREFPROD
2025-04-04 06:47:36.989808 - Found XREFT2.jcl (text/plain) in CBT.V508.FILE254.PDS, moved to PDS/XREFT2
2025-04-04 06:47:36.989921 - Found XREFT3.jcl (text/plain) in CBT.V508.FILE254.PDS, moved to PDS/XREFT3
2025-04-04 06:47:36.990054 - Found XTEST.jcl (text/plain) in CBT.V508.FILE254.PDS, moved to PDS/XTEST
2025-04-04 06:47:36.990165 - Found ZAP.jcl (text/plain) in CBT.V508.FILE254.PDS, moved to PDS/ZAP
2025-04-04 06:47:36.990275 - Found ZIP.jcl (text/plain) in CBT.V508.FILE254.PDS, moved to PDS/ZIP
2025-04-04 06:47:36.990389 - Found ZKCATTST.jcl (text/plain) in CBT.V508.FILE254.PDS, moved to PDS/ZKCATTST
2025-04-04 06:47:36.990505 - Found ZZAP.jcl (text/plain) in CBT.V508.FILE254.PDS, moved to PDS/ZZAP
